<?xml version="1.0" encoding="UTF-8"?>
<robot generator="Robot 4.1.1 (Python 3.9.0 on win32)" generated="20211013 11:07:18.481" rpa="false" schemaversion="2">
<suite id="s1" name="Login" source="C:\Users\mateu\PycharmProjects\RobotFramework\Tests\Login_Texts\Login.robot">
<test id="s1-t1" name="Validate Cards display in the Shopping page">
<kw name="Open the browser with the Mortgage payment url" library="Resource_0" type="SETUP">
<kw name="Create Webdriver" library="SeleniumLibrary">
<arg>Chrome</arg>
<doc>Creates an instance of Selenium WebDriver.</doc>
<msg timestamp="20211013 11:07:18.709" level="INFO">Creating an instance of the Chrome WebDriver.</msg>
<status status="PASS" starttime="20211013 11:07:18.709" endtime="20211013 11:07:19.908"/>
</kw>
<kw name="Open Browser" library="SeleniumLibrary">
<arg>${url}</arg>
<doc>Opens a new browser instance to the optional ``url``.</doc>
<msg timestamp="20211013 11:07:19.909" level="INFO">Opening browser 'firefox' to base url 'https://rahulshettyacademy.com/loginpagePractise/'.</msg>
<msg timestamp="20211013 11:07:19.918" level="INFO">Firefox driver log is always forced to to: C:\Users\mateu\PycharmProjects\RobotFramework\geckodriver-50.log</msg>
<status status="PASS" starttime="20211013 11:07:19.908" endtime="20211013 11:07:29.709"/>
</kw>
<status status="PASS" starttime="20211013 11:07:18.708" endtime="20211013 11:07:29.709"/>
</kw>
<kw name="Fill the login form">
<arg>${user_name}</arg>
<arg>${valid_password}</arg>
<kw name="Input Text" library="SeleniumLibrary">
<arg>id:username</arg>
<arg>${username}</arg>
<doc>Types the given ``text`` into the text field identified by ``locator``.</doc>
<msg timestamp="20211013 11:07:29.712" level="INFO">Typing text 'rahulshettyacademy' into text field 'id:username'.</msg>
<status status="PASS" starttime="20211013 11:07:29.711" endtime="20211013 11:07:29.792"/>
</kw>
<kw name="Input Password" library="SeleniumLibrary">
<arg>id:password</arg>
<arg>${password}</arg>
<doc>Types the given password into the text field identified by ``locator``.</doc>
<msg timestamp="20211013 11:07:29.793" level="INFO">Typing password into text field 'id:password'.</msg>
<msg timestamp="20211013 11:07:29.803" level="INFO">Temporally setting log level to: NONE</msg>
<msg timestamp="20211013 11:07:29.818" level="INFO">Log level changed from NONE to INFO.</msg>
<status status="PASS" starttime="20211013 11:07:29.792" endtime="20211013 11:07:29.818"/>
</kw>
<kw name="Click Button" library="SeleniumLibrary">
<arg>id:signInBtn</arg>
<doc>Clicks the button identified by ``locator``.</doc>
<msg timestamp="20211013 11:07:29.818" level="INFO">Clicking button 'id:signInBtn'.</msg>
<status status="PASS" starttime="20211013 11:07:29.818" endtime="20211013 11:07:30.055"/>
</kw>
<status status="PASS" starttime="20211013 11:07:29.710" endtime="20211013 11:07:30.056"/>
</kw>
<kw name="Wait Until Element Is Located in the page">
<arg>${Login_Verify}</arg>
<kw name="Wait Until Element Is Visible" library="SeleniumLibrary">
<arg>${element}</arg>
<doc>Waits until the element ``locator`` is visible.</doc>
<status status="PASS" starttime="20211013 11:07:30.057" endtime="20211013 11:07:35.028"/>
</kw>
<status status="PASS" starttime="20211013 11:07:30.056" endtime="20211013 11:07:35.028"/>
</kw>
<kw name="Close Browser Session" library="Resource_0" type="TEARDOWN">
<kw name="Close Browser" library="SeleniumLibrary">
<doc>Closes the current browser.</doc>
<status status="PASS" starttime="20211013 11:07:35.029" endtime="20211013 11:07:35.890"/>
</kw>
<status status="PASS" starttime="20211013 11:07:35.029" endtime="20211013 11:07:35.890"/>
</kw>
<status status="PASS" starttime="20211013 11:07:18.708" endtime="20211013 11:07:35.891"/>
</test>
<doc>To validate login form</doc>
<status status="PASS" starttime="20211013 11:07:18.482" endtime="20211013 11:07:35.892"/>
</suite>
<statistics>
<total>
<stat pass="1" fail="0" skip="0">All Tests</stat>
</total>
<tag>
</tag>
<suite>
<stat pass="1" fail="0" skip="0" id="s1" name="Login">Login</stat>
</suite>
</statistics>
<errors>
</errors>
</robot>
